# JRE version: OpenJDK Runtime Environment (8.0_212-b04) (build 1.8.0_212-release-1586-b04)
# Java VM: OpenJDK 64-Bit Server VM (25.212-b04 mixed mode windows-amd64 compressed oops)
Heap:
 PSYoungGen      total 356352K, used 237159K [0x00000000e0000000, 0x00000000fc600000, 0x0000000100000000)
  eden space 317440K, 62% used [0x00000000e0000000,0x00000000ec19c608,0x00000000f3600000)
  from space 38912K, 99% used [0x00000000f3600000,0x00000000f5bfd8e0,0x00000000f5c00000)
  to   space 53760K, 0% used [0x00000000f9180000,0x00000000f9180000,0x00000000fc600000)
 ParOldGen       total 121856K, used 97358K [0x00000000a0000000, 0x00000000a7700000, 0x00000000e0000000)
  object space 121856K, 79% used [0x00000000a0000000,0x00000000a5f13800,0x00000000a7700000)
 Metaspace       used 93313K, capacity 96442K, committed 96600K, reserved 1132544K
  class space    used 11991K, capacity 12624K, committed 12672K, reserved 1048576K
GC Heap History (10 events):
Event: 232.107 GC heap before
{Heap before GC invocations=33 (full 4):
 PSYoungGen      total 354304K, used 344768K [0x00000000e0000000, 0x00000000f7380000, 0x0000000100000000)
  eden space 330240K, 100% used [0x00000000e0000000,0x00000000f4280000,0x00000000f4280000)
  from space 24064K, 60% used [0x00000000f5c00000,0x00000000f6a30010,0x00000000f7380000)
  to   space 25088K, 0% used [0x00000000f4280000,0x00000000f4280000,0x00000000f5b00000)
 ParOldGen       total 121856K, used 71662K [0x00000000a0000000, 0x00000000a7700000, 0x00000000e0000000)
  object space 121856K, 58% used [0x00000000a0000000,0x00000000a45fb878,0x00000000a7700000)
 Metaspace       used 92316K, capacity 95250K, committed 95448K, reserved 1132544K
  class space    used 11882K, capacity 12516K, committed 12544K, reserved 1048576K
Event: 232.141 GC heap after
Heap after GC invocations=33 (full 4):
 PSYoungGen      total 355328K, used 14169K [0x00000000e0000000, 0x00000000f7380000, 0x0000000100000000)
  eden space 330240K, 0% used [0x00000000e0000000,0x00000000e0000000,0x00000000f4280000)
  from space 25088K, 56% used [0x00000000f4280000,0x00000000f50565f0,0x00000000f5b00000)
  to   space 24064K, 0% used [0x00000000f5c00000,0x00000000f5c00000,0x00000000f7380000)
 ParOldGen       total 121856K, used 71662K [0x00000000a0000000, 0x00000000a7700000, 0x00000000e0000000)
  object space 121856K, 58% used [0x00000000a0000000,0x00000000a45fb878,0x00000000a7700000)
 Metaspace       used 92316K, capacity 95250K, committed 95448K, reserved 1132544K
  class space    used 11882K, capacity 12516K, committed 12544K, reserved 1048576K
}
Event: 235.615 GC heap before
{Heap before GC invocations=34 (full 4):
 PSYoungGen      total 355328K, used 344409K [0x00000000e0000000, 0x00000000f7380000, 0x0000000100000000)
  eden space 330240K, 100% used [0x00000000e0000000,0x00000000f4280000,0x00000000f4280000)
  from space 25088K, 56% used [0x00000000f4280000,0x00000000f50565f0,0x00000000f5b00000)
  to   space 24064K, 0% used [0x00000000f5c00000,0x00000000f5c00000,0x00000000f7380000)
 ParOldGen       total 121856K, used 71662K [0x00000000a0000000, 0x00000000a7700000, 0x00000000e0000000)
  object space 121856K, 58% used [0x00000000a0000000,0x00000000a45fb878,0x00000000a7700000)
 Metaspace       used 92335K, capacity 95270K, committed 95448K, reserved 1132544K
  class space    used 11884K, capacity 12518K, committed 12544K, reserved 1048576K
Event: 235.669 GC heap after
Heap after GC invocations=34 (full 4):
 PSYoungGen      total 354304K, used 21539K [0x00000000e0000000, 0x00000000f7380000, 0x0000000100000000)
  eden space 330240K, 0% used [0x00000000e0000000,0x00000000e0000000,0x00000000f4280000)
  from space 24064K, 89% used [0x00000000f5c00000,0x00000000f7108d38,0x00000000f7380000)
  to   space 25088K, 0% used [0x00000000f4280000,0x00000000f4280000,0x00000000f5b00000)
 ParOldGen       total 121856K, used 71662K [0x00000000a0000000, 0x00000000a7700000, 0x00000000e0000000)
  object space 121856K, 58% used [0x00000000a0000000,0x00000000a45fb878,0x00000000a7700000)
 Metaspace       used 92335K, capacity 95270K, committed 95448K, reserved 1132544K
  class space    used 11884K, capacity 12518K, committed 12544K, reserved 1048576K
}
Event: 238.202 GC heap before
{Heap before GC invocations=35 (full 4):
 PSYoungGen      total 354304K, used 351779K [0x00000000e0000000, 0x00000000f7380000, 0x0000000100000000)
  eden space 330240K, 100% used [0x00000000e0000000,0x00000000f4280000,0x00000000f4280000)
  from space 24064K, 89% used [0x00000000f5c00000,0x00000000f7108d38,0x00000000f7380000)
  to   space 25088K, 0% used [0x00000000f4280000,0x00000000f4280000,0x00000000f5b00000)
 ParOldGen       total 121856K, used 71662K [0x00000000a0000000, 0x00000000a7700000, 0x00000000e0000000)
  object space 121856K, 58% used [0x00000000a0000000,0x00000000a45fb878,0x00000000a7700000)
 Metaspace       used 92337K, capacity 95270K, committed 95448K, reserved 1132544K
  class space    used 11884K, capacity 12518K, committed 12544K, reserved 1048576K
Event: 238.235 GC heap after
Heap after GC invocations=35 (full 4):
 PSYoungGen      total 355328K, used 21873K [0x00000000e0000000, 0x00000000f7380000, 0x0000000100000000)
  eden space 330240K, 0% used [0x00000000e0000000,0x00000000e0000000,0x00000000f4280000)
  from space 25088K, 87% used [0x00000000f4280000,0x00000000f57dc778,0x00000000f5b00000)
  to   space 24064K, 0% used [0x00000000f5c00000,0x00000000f5c00000,0x00000000f7380000)
 ParOldGen       total 121856K, used 71670K [0x00000000a0000000, 0x00000000a7700000, 0x00000000e0000000)
  object space 121856K, 58% used [0x00000000a0000000,0x00000000a45fd878,0x00000000a7700000)
 Metaspace       used 92337K, capacity 95270K, committed 95448K, reserved 1132544K
  class space    used 11884K, capacity 12518K, committed 12544K, reserved 1048576K
}
Event: 240.850 GC heap before
{Heap before GC invocations=36 (full 4):
 PSYoungGen      total 355328K, used 352113K [0x00000000e0000000, 0x00000000f7380000, 0x0000000100000000)
  eden space 330240K, 100% used [0x00000000e0000000,0x00000000f4280000,0x00000000f4280000)
  from space 25088K, 87% used [0x00000000f4280000,0x00000000f57dc778,0x00000000f5b00000)
  to   space 24064K, 0% used [0x00000000f5c00000,0x00000000f5c00000,0x00000000f7380000)
 ParOldGen       total 121856K, used 71670K [0x00000000a0000000, 0x00000000a7700000, 0x00000000e0000000)
  object space 121856K, 58% used [0x00000000a0000000,0x00000000a45fd878,0x00000000a7700000)
 Metaspace       used 92369K, capacity 95338K, committed 95448K, reserved 1132544K
  class space    used 11884K, capacity 12518K, committed 12544K, reserved 1048576K
Event: 240.876 GC heap after
Heap after GC invocations=36 (full 4):
 PSYoungGen      total 341504K, used 16862K [0x00000000e0000000, 0x00000000fb680000, 0x0000000100000000)
  eden space 317440K, 0% used [0x00000000e0000000,0x00000000e0000000,0x00000000f3600000)
  from space 24064K, 70% used [0x00000000f5c00000,0x00000000f6c77948,0x00000000f7380000)
  to   space 38912K, 0% used [0x00000000f3600000,0x00000000f3600000,0x00000000f5c00000)
 ParOldGen       total 121856K, used 71678K [0x00000000a0000000, 0x00000000a7700000, 0x00000000e0000000)
  object space 121856K, 58% used [0x00000000a0000000,0x00000000a45ff878,0x00000000a7700000)
 Metaspace       used 92369K, capacity 95338K, committed 95448K, reserved 1132544K
  class space    used 11884K, capacity 12518K, committed 12544K, reserved 1048576K
}
Event: 243.503 GC heap before
{Heap before GC invocations=37 (full 4):
 PSYoungGen      total 341504K, used 334302K [0x00000000e0000000, 0x00000000fb680000, 0x0000000100000000)
  eden space 317440K, 100% used [0x00000000e0000000,0x00000000f3600000,0x00000000f3600000)
  from space 24064K, 70% used [0x00000000f5c00000,0x00000000f6c77948,0x00000000f7380000)
  to   space 38912K, 0% used [0x00000000f3600000,0x00000000f3600000,0x00000000f5c00000)
 ParOldGen       total 121856K, used 71678K [0x00000000a0000000, 0x00000000a7700000, 0x00000000e0000000)
  object space 121856K, 58% used [0x00000000a0000000,0x00000000a45ff878,0x00000000a7700000)
 Metaspace       used 92973K, capacity 96002K, committed 96344K, reserved 1132544K
  class space    used 11948K, capacity 12572K, committed 12672K, reserved 1048576K
Event: 243.593 GC heap after
Heap after GC invocations=37 (full 4):
 PSYoungGen      total 356352K, used 38902K [0x00000000e0000000, 0x00000000fc600000, 0x0000000100000000)
  eden space 317440K, 0% used [0x00000000e0000000,0x00000000e0000000,0x00000000f3600000)
  from space 38912K, 99% used [0x00000000f3600000,0x00000000f5bfd8e0,0x00000000f5c00000)
  to   space 53760K, 0% used [0x00000000f9180000,0x00000000f9180000,0x00000000fc600000)
 ParOldGen       total 121856K, used 97358K [0x00000000a0000000, 0x00000000a7700000, 0x00000000e0000000)
  object space 121856K, 79% used [0x00000000a0000000,0x00000000a5f13800,0x00000000a7700000)
 Metaspace       used 92973K, capacity 96002K, committed 96344K, reserved 1132544K
  class space    used 11948K, capacity 12572K, committed 12672K, reserved 1048576K
}

